<?xml version="1.0" encoding="UTF-8"?>
<testng-results ignored="0" total="1" passed="1" failed="0" skipped="0">
  <reporter-output>
  </reporter-output>
  <suite started-at="2024-10-03T11:36:50 CDT" name="Default suite" finished-at="2024-10-03T11:37:08 CDT" duration-ms="18223">
    <groups>
    </groups>
    <test started-at="2024-10-03T11:36:50 CDT" name="Default test" finished-at="2024-10-03T11:37:08 CDT" duration-ms="18223">
      <class name="com.prac.tests.FirstTest">
        <test-method is-config="true" signature="before()[pri:0, instance:com.prac.tests.FirstTest@221a3fa4]" started-at="2024-10-03T11:36:50 CDT" name="before" finished-at="2024-10-03T11:37:06 CDT" duration-ms="16346" status="PASS">
          <reporter-output>
          </reporter-output>
        </test-method> <!-- before -->
        <test-method signature="test1()[pri:0, instance:com.prac.tests.FirstTest@221a3fa4]" started-at="2024-10-03T11:37:06 CDT" name="test1" finished-at="2024-10-03T11:37:08 CDT" duration-ms="1825" status="PASS">
          <reporter-output>
          </reporter-output>
        </test-method> <!-- test1 -->
      </class> <!-- com.prac.tests.FirstTest -->
    </test> <!-- Default test -->
  </suite> <!-- Default suite -->
</testng-results>
